<?xml version="1.0" encoding="UTF-8"?>
<!-- Generated by org.testng.reporters.JUnitXMLReporter -->
<testsuite hostname="DESKTOP-DAPEO3T" ignored="0" name="Test Maven Testing" tests="12" failures="0" timestamp="12 Jul 2018 10:42:11 GMT" time="0.078" errors="0">
  <testcase name="div" time="0.016" classname="com.test.DemoTest"/>
  <testcase name="mul" time="0.0" classname="com.test.DemoTest"/>
  <testcase name="sub" time="0.0" classname="com.test.DemoTest"/>
  <testcase name="sum" time="0.0" classname="com.test.DemoTest"/>
  <testcase name="div" time="0.0" classname="com.test.DemoTest1"/>
  <testcase name="mul" time="0.0" classname="com.test.DemoTest1"/>
  <testcase name="sub" time="0.0" classname="com.test.DemoTest1"/>
  <testcase name="sum" time="0.0" classname="com.test.DemoTest1"/>
  <testcase name="div" time="0.0" classname="com.test.DemoTest2"/>
  <testcase name="mul" time="0.0" classname="com.test.DemoTest2"/>
  <testcase name="sub" time="0.0" classname="com.test.DemoTest2"/>
  <testcase name="sum" time="0.0" classname="com.test.DemoTest2"/>
</testsuite> <!-- Test Maven Testing -->
