<?xml version="1.0" encoding="UTF-8"?>
<!-- Generated by org.testng.reporters.JUnitXMLReporter -->
<testsuite hostname="DESKTOP-DAPEO3T" ignored="0" name="Default test" tests="4" failures="0" timestamp="02 Jul 2018 07:28:50 GMT" time="0.088" errors="0">
  <testcase name="div" time="0.018" classname="com.test.DemoTest"/>
  <testcase name="mul" time="0.005" classname="com.test.DemoTest"/>
  <testcase name="sub" time="0.005" classname="com.test.DemoTest"/>
  <testcase name="sum" time="0.005" classname="com.test.DemoTest"/>
</testsuite> <!-- Default test -->
