<?xml version="1.0" encoding="UTF-8"?>
<!-- Generated by org.testng.reporters.JUnitXMLReporter -->
<testsuite hostname="DESKTOP-DAPEO3T" ignored="0" name="Default test" tests="12" failures="0" timestamp="07 Jul 2018 04:07:55 GMT" time="0.084" errors="0">
  <testcase name="div" time="0.02" classname="com.test.DemoTest"/>
  <testcase name="mul" time="0.005" classname="com.test.DemoTest"/>
  <testcase name="sub" time="0.0" classname="com.test.DemoTest"/>
  <testcase name="sum" time="0.001" classname="com.test.DemoTest"/>
  <testcase name="div" time="0.001" classname="com.test.DemoTest1"/>
  <testcase name="mul" time="0.001" classname="com.test.DemoTest1"/>
  <testcase name="sub" time="0.001" classname="com.test.DemoTest1"/>
  <testcase name="sum" time="0.001" classname="com.test.DemoTest1"/>
  <testcase name="div" time="0.001" classname="com.test.DemoTest2"/>
  <testcase name="mul" time="0.0" classname="com.test.DemoTest2"/>
  <testcase name="sub" time="0.0" classname="com.test.DemoTest2"/>
  <testcase name="sum" time="0.0" classname="com.test.DemoTest2"/>
</testsuite> <!-- Default test -->
