<?xml version="1.0" encoding="UTF-8"?>
<testng-results skipped="0" failed="0" ignored="0" total="12" passed="12">
  <reporter-output>
  </reporter-output>
  <suite name="Test Maven Suite" duration-ms="78" started-at="2018-07-12T10:42:11Z" finished-at="2018-07-12T10:42:11Z">
    <groups>
    </groups>
    <test name="Test Maven Testing" duration-ms="78" started-at="2018-07-12T10:42:11Z" finished-at="2018-07-12T10:42:11Z">
      <class name="com.test.DemoTest">
        <test-method status="PASS" signature="div()[pri:0, instance:com.test.DemoTest@6615435c]" name="div" duration-ms="16" started-at="2018-07-12T10:42:11Z" finished-at="2018-07-12T10:42:11Z">
          <reporter-output>
          </reporter-output>
        </test-method> <!-- div -->
        <test-method status="PASS" signature="sum()[pri:0, instance:com.test.DemoTest@6615435c]" name="sum" duration-ms="0" started-at="2018-07-12T10:42:11Z" finished-at="2018-07-12T10:42:11Z">
          <reporter-output>
          </reporter-output>
        </test-method> <!-- sum -->
        <test-method status="PASS" signature="mul()[pri:0, instance:com.test.DemoTest@6615435c]" name="mul" duration-ms="0" started-at="2018-07-12T10:42:11Z" finished-at="2018-07-12T10:42:11Z">
          <reporter-output>
          </reporter-output>
        </test-method> <!-- mul -->
        <test-method status="PASS" signature="sub()[pri:0, instance:com.test.DemoTest@6615435c]" name="sub" duration-ms="0" started-at="2018-07-12T10:42:11Z" finished-at="2018-07-12T10:42:11Z">
          <reporter-output>
          </reporter-output>
        </test-method> <!-- sub -->
      </class> <!-- com.test.DemoTest -->
      <class name="com.test.DemoTest1">
        <test-method status="PASS" signature="div()[pri:0, instance:com.test.DemoTest1@4909b8da]" name="div" duration-ms="0" started-at="2018-07-12T10:42:11Z" finished-at="2018-07-12T10:42:11Z">
          <reporter-output>
          </reporter-output>
        </test-method> <!-- div -->
        <test-method status="PASS" signature="sub()[pri:0, instance:com.test.DemoTest1@4909b8da]" name="sub" duration-ms="0" started-at="2018-07-12T10:42:11Z" finished-at="2018-07-12T10:42:11Z">
          <reporter-output>
          </reporter-output>
        </test-method> <!-- sub -->
        <test-method status="PASS" signature="sum()[pri:0, instance:com.test.DemoTest1@4909b8da]" name="sum" duration-ms="0" started-at="2018-07-12T10:42:11Z" finished-at="2018-07-12T10:42:11Z">
          <reporter-output>
          </reporter-output>
        </test-method> <!-- sum -->
        <test-method status="PASS" signature="mul()[pri:0, instance:com.test.DemoTest1@4909b8da]" name="mul" duration-ms="0" started-at="2018-07-12T10:42:11Z" finished-at="2018-07-12T10:42:11Z">
          <reporter-output>
          </reporter-output>
        </test-method> <!-- mul -->
      </class> <!-- com.test.DemoTest1 -->
      <class name="com.test.DemoTest2">
        <test-method status="PASS" signature="sum()[pri:0, instance:com.test.DemoTest2@3a03464]" name="sum" duration-ms="0" started-at="2018-07-12T10:42:11Z" finished-at="2018-07-12T10:42:11Z">
          <reporter-output>
          </reporter-output>
        </test-method> <!-- sum -->
        <test-method status="PASS" signature="sub()[pri:0, instance:com.test.DemoTest2@3a03464]" name="sub" duration-ms="0" started-at="2018-07-12T10:42:11Z" finished-at="2018-07-12T10:42:11Z">
          <reporter-output>
          </reporter-output>
        </test-method> <!-- sub -->
        <test-method status="PASS" signature="div()[pri:0, instance:com.test.DemoTest2@3a03464]" name="div" duration-ms="0" started-at="2018-07-12T10:42:11Z" finished-at="2018-07-12T10:42:11Z">
          <reporter-output>
          </reporter-output>
        </test-method> <!-- div -->
        <test-method status="PASS" signature="mul()[pri:0, instance:com.test.DemoTest2@3a03464]" name="mul" duration-ms="0" started-at="2018-07-12T10:42:11Z" finished-at="2018-07-12T10:42:11Z">
          <reporter-output>
          </reporter-output>
        </test-method> <!-- mul -->
      </class> <!-- com.test.DemoTest2 -->
    </test> <!-- Test Maven Testing -->
  </suite> <!-- Test Maven Suite -->
</testng-results>
