<?xml version="1.0" encoding="UTF-8"?>
<testng-results skipped="0" failed="0" ignored="0" total="12" passed="12">
  <reporter-output>
  </reporter-output>
  <suite name="Test Maven Suite" duration-ms="163" started-at="2018-07-09T08:02:15Z" finished-at="2018-07-09T08:02:15Z">
    <groups>
    </groups>
    <test name="Test Maven Testing" duration-ms="163" started-at="2018-07-09T08:02:15Z" finished-at="2018-07-09T08:02:15Z">
      <class name="com.test.DemoTest">
        <test-method status="PASS" signature="div()[pri:0, instance:com.test.DemoTest@5b275dab]" name="div" duration-ms="22" started-at="2018-07-09T08:02:15Z" finished-at="2018-07-09T08:02:15Z">
          <reporter-output>
          </reporter-output>
        </test-method> <!-- div -->
        <test-method status="PASS" signature="mul()[pri:0, instance:com.test.DemoTest@5b275dab]" name="mul" duration-ms="0" started-at="2018-07-09T08:02:15Z" finished-at="2018-07-09T08:02:15Z">
          <reporter-output>
          </reporter-output>
        </test-method> <!-- mul -->
        <test-method status="PASS" signature="sub()[pri:0, instance:com.test.DemoTest@5b275dab]" name="sub" duration-ms="16" started-at="2018-07-09T08:02:15Z" finished-at="2018-07-09T08:02:15Z">
          <reporter-output>
          </reporter-output>
        </test-method> <!-- sub -->
        <test-method status="PASS" signature="sum()[pri:0, instance:com.test.DemoTest@5b275dab]" name="sum" duration-ms="0" started-at="2018-07-09T08:02:15Z" finished-at="2018-07-09T08:02:15Z">
          <reporter-output>
          </reporter-output>
        </test-method> <!-- sum -->
      </class> <!-- com.test.DemoTest -->
      <class name="com.test.DemoTest1">
        <test-method status="PASS" signature="div()[pri:0, instance:com.test.DemoTest1@61832929]" name="div" duration-ms="0" started-at="2018-07-09T08:02:15Z" finished-at="2018-07-09T08:02:15Z">
          <reporter-output>
          </reporter-output>
        </test-method> <!-- div -->
        <test-method status="PASS" signature="sub()[pri:0, instance:com.test.DemoTest1@61832929]" name="sub" duration-ms="0" started-at="2018-07-09T08:02:15Z" finished-at="2018-07-09T08:02:15Z">
          <reporter-output>
          </reporter-output>
        </test-method> <!-- sub -->
        <test-method status="PASS" signature="mul()[pri:0, instance:com.test.DemoTest1@61832929]" name="mul" duration-ms="0" started-at="2018-07-09T08:02:15Z" finished-at="2018-07-09T08:02:15Z">
          <reporter-output>
          </reporter-output>
        </test-method> <!-- mul -->
        <test-method status="PASS" signature="sum()[pri:0, instance:com.test.DemoTest1@61832929]" name="sum" duration-ms="0" started-at="2018-07-09T08:02:15Z" finished-at="2018-07-09T08:02:15Z">
          <reporter-output>
          </reporter-output>
        </test-method> <!-- sum -->
      </class> <!-- com.test.DemoTest1 -->
      <class name="com.test.DemoTest2">
        <test-method status="PASS" signature="div()[pri:0, instance:com.test.DemoTest2@29774679]" name="div" duration-ms="15" started-at="2018-07-09T08:02:15Z" finished-at="2018-07-09T08:02:15Z">
          <reporter-output>
          </reporter-output>
        </test-method> <!-- div -->
        <test-method status="PASS" signature="sum()[pri:0, instance:com.test.DemoTest2@29774679]" name="sum" duration-ms="16" started-at="2018-07-09T08:02:15Z" finished-at="2018-07-09T08:02:15Z">
          <reporter-output>
          </reporter-output>
        </test-method> <!-- sum -->
        <test-method status="PASS" signature="mul()[pri:0, instance:com.test.DemoTest2@29774679]" name="mul" duration-ms="0" started-at="2018-07-09T08:02:15Z" finished-at="2018-07-09T08:02:15Z">
          <reporter-output>
          </reporter-output>
        </test-method> <!-- mul -->
        <test-method status="PASS" signature="sub()[pri:0, instance:com.test.DemoTest2@29774679]" name="sub" duration-ms="0" started-at="2018-07-09T08:02:15Z" finished-at="2018-07-09T08:02:15Z">
          <reporter-output>
          </reporter-output>
        </test-method> <!-- sub -->
      </class> <!-- com.test.DemoTest2 -->
    </test> <!-- Test Maven Testing -->
  </suite> <!-- Test Maven Suite -->
</testng-results>
