<?xml version="1.0" encoding="UTF-8"?>
<testng-results skipped="0" failed="0" ignored="0" total="12" passed="12">
  <reporter-output>
  </reporter-output>
  <suite name="Default suite" duration-ms="84" started-at="2018-07-07T04:07:55Z" finished-at="2018-07-07T04:07:55Z">
    <groups>
    </groups>
    <test name="Default test" duration-ms="84" started-at="2018-07-07T04:07:55Z" finished-at="2018-07-07T04:07:55Z">
      <class name="com.test.DemoTest">
        <test-method status="PASS" signature="div()[pri:0, instance:com.test.DemoTest@26be92ad]" name="div" duration-ms="20" started-at="2018-07-07T04:07:55Z" finished-at="2018-07-07T04:07:55Z">
          <reporter-output>
          </reporter-output>
        </test-method> <!-- div -->
        <test-method status="PASS" signature="mul()[pri:0, instance:com.test.DemoTest@26be92ad]" name="mul" duration-ms="5" started-at="2018-07-07T04:07:55Z" finished-at="2018-07-07T04:07:55Z">
          <reporter-output>
          </reporter-output>
        </test-method> <!-- mul -->
        <test-method status="PASS" signature="sub()[pri:0, instance:com.test.DemoTest@26be92ad]" name="sub" duration-ms="0" started-at="2018-07-07T04:07:55Z" finished-at="2018-07-07T04:07:55Z">
          <reporter-output>
          </reporter-output>
        </test-method> <!-- sub -->
        <test-method status="PASS" signature="sum()[pri:0, instance:com.test.DemoTest@26be92ad]" name="sum" duration-ms="1" started-at="2018-07-07T04:07:55Z" finished-at="2018-07-07T04:07:55Z">
          <reporter-output>
          </reporter-output>
        </test-method> <!-- sum -->
      </class> <!-- com.test.DemoTest -->
      <class name="com.test.DemoTest1">
        <test-method status="PASS" signature="div()[pri:0, instance:com.test.DemoTest1@4c70fda8]" name="div" duration-ms="1" started-at="2018-07-07T04:07:55Z" finished-at="2018-07-07T04:07:55Z">
          <reporter-output>
          </reporter-output>
        </test-method> <!-- div -->
        <test-method status="PASS" signature="mul()[pri:0, instance:com.test.DemoTest1@4c70fda8]" name="mul" duration-ms="1" started-at="2018-07-07T04:07:55Z" finished-at="2018-07-07T04:07:55Z">
          <reporter-output>
          </reporter-output>
        </test-method> <!-- mul -->
        <test-method status="PASS" signature="sub()[pri:0, instance:com.test.DemoTest1@4c70fda8]" name="sub" duration-ms="1" started-at="2018-07-07T04:07:55Z" finished-at="2018-07-07T04:07:55Z">
          <reporter-output>
          </reporter-output>
        </test-method> <!-- sub -->
        <test-method status="PASS" signature="sum()[pri:0, instance:com.test.DemoTest1@4c70fda8]" name="sum" duration-ms="1" started-at="2018-07-07T04:07:55Z" finished-at="2018-07-07T04:07:55Z">
          <reporter-output>
          </reporter-output>
        </test-method> <!-- sum -->
      </class> <!-- com.test.DemoTest1 -->
      <class name="com.test.DemoTest2">
        <test-method status="PASS" signature="div()[pri:0, instance:com.test.DemoTest2@224edc67]" name="div" duration-ms="1" started-at="2018-07-07T04:07:55Z" finished-at="2018-07-07T04:07:55Z">
          <reporter-output>
          </reporter-output>
        </test-method> <!-- div -->
        <test-method status="PASS" signature="mul()[pri:0, instance:com.test.DemoTest2@224edc67]" name="mul" duration-ms="0" started-at="2018-07-07T04:07:55Z" finished-at="2018-07-07T04:07:55Z">
          <reporter-output>
          </reporter-output>
        </test-method> <!-- mul -->
        <test-method status="PASS" signature="sub()[pri:0, instance:com.test.DemoTest2@224edc67]" name="sub" duration-ms="0" started-at="2018-07-07T04:07:55Z" finished-at="2018-07-07T04:07:55Z">
          <reporter-output>
          </reporter-output>
        </test-method> <!-- sub -->
        <test-method status="PASS" signature="sum()[pri:0, instance:com.test.DemoTest2@224edc67]" name="sum" duration-ms="0" started-at="2018-07-07T04:07:55Z" finished-at="2018-07-07T04:07:55Z">
          <reporter-output>
          </reporter-output>
        </test-method> <!-- sum -->
      </class> <!-- com.test.DemoTest2 -->
    </test> <!-- Default test -->
  </suite> <!-- Default suite -->
</testng-results>
